<?xml version="1.0" encoding="UTF-8"?>
<testsuite xmlns:xsi="http://www.w3.org/2001/XMLSchema-instance" xsi:noNamespaceSchemaLocation="https://maven.apache.org/surefire/maven-surefire-plugin/xsd/surefire-test-report-3.0.xsd" version="3.0" name="TestCorrectness" time="0.141" tests="44" errors="0" skipped="0" failures="0">
  <properties>
[...]
</properties>
  <testcase name="testReturnMultipleReturnValues" classname="TestCorrectness" time="0.013"/>
  <testcase name="testMake2DArray" classname="TestCorrectness" time="0.006">
    <system-err><![CDATA[XFAIL: Go int != int64: Make2DArray returns [][]int but MetaFFI expects [][]int64 - ClassCastException: class [[Ljava.lang.Object; cannot be cast to class [[J ([[Ljava.lang.Object; and [[J are in module java.base of loader 'bootstrap')
]]></system-err>
  </testcase>
  <testcase name="testSum3DArray" classname="TestCorrectness" time="0.0">
    <system-err><![CDATA[XFAIL: Go int != int64: Sum3DArray expects [][][]int param - MetaFFIException: Panic in Go function. Panic Data: interface conversion: interface {} is [][][]int64, not [][][]int
Stack Trace:
goroutine 17 [running, locked to thread]:
main.panicHandler(0xef47efe038)
	C:/Users/green/AppData/Local/Temp/metaffi_go_compiler1035060610/metaffi_guest.go:4798 +0x1a8
panic({0x7ffdb71b1800?, 0xc000028390?})
	C:/Program Files/Go/src/runtime/panic.go:792 +0x132
main.EntryPoint_Sum3DArray(0xc000012230?, 0x2136e2fde00, 0xef47efe038)
	C:/Users/green/AppData/Local/Temp/metaffi_go_compiler1035060610/metaffi_guest.go:2139 +0x305

]]></system-err>
  </testcase>
  <testcase name="testCallFunction" classname="TestCorrectness" time="0.013"/>
  <testcase name="testNewTestMap" classname="TestCorrectness" time="0.0"/>
  <testcase name="testGenericBoxGetSet" classname="TestCorrectness" time="0.0"/>
  <testcase name="testReturnCallbackAdd" classname="TestCorrectness" time="0.001"/>
  <testcase name="testVarargsJoin" classname="TestCorrectness" time="0.002">
    <system-err><![CDATA[XFAIL: Varargs Join - Panic in Go function. Panic Data: interface conversion: interface {} is []string, not string
Stack Trace:
goroutine 17 [running, locked to thread]:
main.panicHandler(0xef47efe178)
	C:/Users/green/AppData/Local/Temp/metaffi_go_compiler1035060610/metaffi_guest.go:4798 +0x1a8
panic({0x7ffdb71b1800?, 0xc00010a0f0?})
	C:/Program Files/Go/src/runtime/panic.go:792 +0x132
main.EntryPoint_Join(0xc000012230?, 0x2136e2fdf80, 0xef47efe178)
	C:/Users/green/AppData/Local/Temp/metaffi_go_compiler1035060610/metaffi_guest.go:369 +0x328

]]></system-err>
  </testcase>
  <testcase name="testDivIntegers" classname="TestCorrectness" time="0.0"/>
  <testcase name="testVarargsSum" classname="TestCorrectness" time="0.002">
    <system-err><![CDATA[XFAIL: Varargs Sum - Panic in Go function. Panic Data: interface conversion: interface {} is []int64, not int64
Stack Trace:
goroutine 17 [running, locked to thread]:
main.panicHandler(0xef47efe178)
	C:/Users/green/AppData/Local/Temp/metaffi_go_compiler1035060610/metaffi_guest.go:4798 +0x1a8
panic({0x7ffdb71b1800?, 0xc00010a120?})
	C:/Program Files/Go/src/runtime/panic.go:792 +0x132
main.EntryPoint_Sum(0xc000012230?, 0x2136e2fe000, 0xef47efe178)
	C:/Users/green/AppData/Local/Temp/metaffi_go_compiler1035060610/metaffi_guest.go:322 +0x2b5

]]></system-err>
  </testcase>
  <testcase name="testSumRaggedArray" classname="TestCorrectness" time="0.001">
    <system-err><![CDATA[XFAIL: Go int != int64: SumRaggedArray expects [][]int param - MetaFFIException: Panic in Go function. Panic Data: interface conversion: interface {} is [][]int64, not [][]int
Stack Trace:
goroutine 17 [running, locked to thread]:
main.panicHandler(0xef47efe038)
	C:/Users/green/AppData/Local/Temp/metaffi_go_compiler1035060610/metaffi_guest.go:4798 +0x1a8
panic({0x7ffdb71b1800?, 0xc00010a150?})
	C:/Program Files/Go/src/runtime/panic.go:792 +0x132
main.EntryPoint_SumRaggedArray(0xc000012230?, 0x2136e2fe040, 0xef47efe038)
	C:/Users/green/AppData/Local/Temp/metaffi_go_compiler1035060610/metaffi_guest.go:2184 +0x2e5

]]></system-err>
  </testcase>
  <testcase name="testJoinStringsSingle" classname="TestCorrectness" time="0.0"/>
  <testcase name="testMake3DArray" classname="TestCorrectness" time="0.002">
    <system-err><![CDATA[XFAIL: Go int != int64: Make3DArray returns [][][]int but MetaFFI expects [][][]int64 - MetaFFIException: java.lang.ArrayIndexOutOfBoundsException: Index 1 out of bounds for length 1
]]></system-err>
  </testcase>
  <testcase name="testNewOuterInnerValue" classname="TestCorrectness" time="0.0"/>
  <testcase name="testReturnTransformer" classname="TestCorrectness" time="0.002">
    <system-err><![CDATA[XFAIL: Go named function type StringTransformer: returned as handle not callable - Expected Caller, got metaffi.api.accessor.MetaFFIHandle
]]></system-err>
  </testcase>
  <testcase name="testMakeRaggedArray" classname="TestCorrectness" time="0.0">
    <system-err><![CDATA[XFAIL: Go int != int64: MakeRaggedArray returns [][]int but MetaFFI expects [][]int64 - MetaFFIException: java.lang.ArrayIndexOutOfBoundsException: Index 1 out of bounds for length 1
]]></system-err>
  </testcase>
  <testcase name="testReturnErrorTupleFail" classname="TestCorrectness" time="0.0"/>
  <testcase name="testReturnAnyString" classname="TestCorrectness" time="0.001"/>
  <testcase name="testJoinStrings" classname="TestCorrectness" time="0.0"/>
  <testcase name="testDivIntegersFractional" classname="TestCorrectness" time="0.001"/>
  <testcase name="testAddAsync" classname="TestCorrectness" time="0.001"/>
  <testcase name="testCallCallbackAdd" classname="TestCorrectness" time="0.001"/>
  <testcase name="testSomeClassPrint" classname="TestCorrectness" time="0.001"/>
  <testcase name="testGetThreeBuffers" classname="TestCorrectness" time="0.001"/>
  <testcase name="testGetSomeClasses" classname="TestCorrectness" time="0.0"/>
  <testcase name="testEchoBytes" classname="TestCorrectness" time="0.002"/>
  <testcase name="testFiveSecondsGlobal" classname="TestCorrectness" time="0.001"/>
  <testcase name="testCallTransformer" classname="TestCorrectness" time="0.001">
    <system-err><![CDATA[XFAIL: Go named function type StringTransformer: callback type mismatch - MetaFFIException: Panic in Go function. Panic Data: interface conversion: interface {} is *metaffi.MetaFFICallable, not guest.StringTransformer
Stack Trace:
goroutine 17 [running, locked to thread]:
main.panicHandler(0xef47efe038)
	C:/Users/green/AppData/Local/Temp/metaffi_go_compiler1035060610/metaffi_guest.go:4798 +0x1a8
panic({0x7ffdb71b1800?, 0xc0000285a0?})
	C:/Program Files/Go/src/runtime/panic.go:792 +0x132
main.EntryPoint_CallTransformer(0xc000012230?, 0x2136e37f978, 0xef47efe038)
	C:/Users/green/AppData/Local/Temp/metaffi_go_compiler1035060610/metaffi_guest.go:413 +0x2ff

]]></system-err>
  </testcase>
  <testcase name="testReturnNull" classname="TestCorrectness" time="0.0"/>
  <testcase name="testReturnErrorTupleOk" classname="TestCorrectness" time="0.0"/>
  <testcase name="testTestMapSetGetContains" classname="TestCorrectness" time="0.002"/>
  <testcase name="testWaitABit" classname="TestCorrectness" time="0.001"/>
  <testcase name="testSomeClassGetSetName" classname="TestCorrectness" time="0.001"/>
  <testcase name="testReturnsAnError" classname="TestCorrectness" time="0.0"/>
  <testcase name="testGetSetCounter" classname="TestCorrectness" time="0.001"/>
  <testcase name="testMakeStringList" classname="TestCorrectness" time="0.001"/>
  <testcase name="testGetColorAndColorName" classname="TestCorrectness" time="0.001"/>
  <testcase name="testReturnAnyInt" classname="TestCorrectness" time="0.0"/>
  <testcase name="testReturnAnyNil" classname="TestCorrectness" time="0.001"/>
  <testcase name="testTestMapNameField" classname="TestCorrectness" time="0.001"/>
  <testcase name="testEchoBytesRoundTrip" classname="TestCorrectness" time="0.002"/>
  <testcase name="testReturnAnyFloat" classname="TestCorrectness" time="0.0"/>
  <testcase name="testPanics" classname="TestCorrectness" time="0.0"/>
  <testcase name="testHelloWorld" classname="TestCorrectness" time="0.0"/>
</testsuite>