<?xml version="1.0" encoding="UTF-8"?>
<testsuite xmlns:xsi="http://www.w3.org/2001/XMLSchema-instance" xsi:noNamespaceSchemaLocation="https://maven.apache.org/surefire/maven-surefire-plugin/xsd/surefire-test-report-3.0.xsd" version="3.0" name="TestCorrectness" time="0.174" tests="46" errors="0" skipped="0" failures="0">
  <properties>
[...]
</properties>
  <testcase name="testReturnMultipleReturnValues" classname="TestCorrectness" time="0.021"/>
  <testcase name="testMake2DArray" classname="TestCorrectness" time="0.009">
    <system-err><![CDATA[XFAIL: Go int != int64: Make2DArray returns [][]int but MetaFFI expects [][]int64 - ClassCastException: class [[Ljava.lang.Object; cannot be cast to class [[J ([[Ljava.lang.Object; and [[J are in module java.base of loader 'bootstrap')
]]></system-err>
  </testcase>
  <testcase name="testSum3DArray" classname="TestCorrectness" time="0.002">
    <system-err><![CDATA[XFAIL: Go int != int64: Sum3DArray expects [][][]int param - MetaFFIException: Panic in Go function. Panic Data: interface conversion: interface {} is [][][]int64, not [][][]int
Stack Trace:
goroutine 17 [running, locked to thread]:
main.panicHandler(0xf7614fe0d8)
	C:/Users/green/AppData/Local/Temp/metaffi_go_compiler2400241095/metaffi_guest.go:4441 +0x190
panic({0x7fff5a934ec0?, 0x1b36981ae4e0?})
	C:/Program Files/Go/src/runtime/panic.go:860 +0x13a
main.EntryPoint_Sum3DArray(0x1b369819e150?, 0x2bc83aba550, 0xf7614fe001?)
	C:/Users/green/AppData/Local/Temp/metaffi_go_compiler2400241095/metaffi_guest.go:468 +0x16c

]]></system-err>
  </testcase>
  <testcase name="testCallFunction" classname="TestCorrectness" time="0.019"/>
  <testcase name="testNewTestMap" classname="TestCorrectness" time="0.0"/>
  <testcase name="testPackedArrayEchoBytesRoundTrip" classname="TestCorrectness" time="0.003"/>
  <testcase name="testGenericBoxGetSet" classname="TestCorrectness" time="0.001"/>
  <testcase name="testReturnCallbackAdd" classname="TestCorrectness" time="0.001"/>
  <testcase name="testPackedArrayEchoBytesSmall" classname="TestCorrectness" time="0.001"/>
  <testcase name="testVarargsJoin" classname="TestCorrectness" time="0.003">
    <system-err><![CDATA[XFAIL: Varargs Join - expected:<prefix:[a:b]> but was:<prefix:[h0µ]>
]]></system-err>
  </testcase>
  <testcase name="testDivIntegers" classname="TestCorrectness" time="0.0"/>
  <testcase name="testVarargsSum" classname="TestCorrectness" time="0.002">
    <system-err><![CDATA[XFAIL: Varargs Sum - expected:<6> but was:<3006924691520>
]]></system-err>
  </testcase>
  <testcase name="testSumRaggedArray" classname="TestCorrectness" time="0.001">
    <system-err><![CDATA[XFAIL: Go int != int64: SumRaggedArray expects [][]int param - MetaFFIException: Panic in Go function. Panic Data: interface conversion: interface {} is [][]int64, not [][]int
Stack Trace:
goroutine 17 [running, locked to thread]:
main.panicHandler(0xf7614fe0d8)
	C:/Users/green/AppData/Local/Temp/metaffi_go_compiler2400241095/metaffi_guest.go:4441 +0x190
panic({0x7fff5a934ec0?, 0x1b36981ae510?})
	C:/Program Files/Go/src/runtime/panic.go:860 +0x13a
main.EntryPoint_SumRaggedArray(0x1b369819e150?, 0x2bc83aba550, 0xf7614fe201?)
	C:/Users/green/AppData/Local/Temp/metaffi_go_compiler2400241095/metaffi_guest.go:502 +0x157

]]></system-err>
  </testcase>
  <testcase name="testJoinStringsSingle" classname="TestCorrectness" time="0.001"/>
  <testcase name="testMake3DArray" classname="TestCorrectness" time="0.0"/>
  <testcase name="testNewOuterInnerValue" classname="TestCorrectness" time="0.001"/>
  <testcase name="testReturnTransformer" classname="TestCorrectness" time="0.001">
    <system-err><![CDATA[XFAIL: Go named function type StringTransformer: returned as handle not callable - Expected Caller, got metaffi.api.accessor.MetaFFIHandle
]]></system-err>
  </testcase>
  <testcase name="testMakeRaggedArray" classname="TestCorrectness" time="0.0"/>
  <testcase name="testReturnErrorTupleFail" classname="TestCorrectness" time="0.0"/>
  <testcase name="testReturnAnyString" classname="TestCorrectness" time="0.0"/>
  <testcase name="testJoinStrings" classname="TestCorrectness" time="0.001"/>
  <testcase name="testDivIntegersFractional" classname="TestCorrectness" time="0.001"/>
  <testcase name="testAddAsync" classname="TestCorrectness" time="0.0"/>
  <testcase name="testCallCallbackAdd" classname="TestCorrectness" time="0.002"/>
  <testcase name="testSomeClassPrint" classname="TestCorrectness" time="0.0"/>
  <testcase name="testGetThreeBuffers" classname="TestCorrectness" time="0.001"/>
  <testcase name="testGetSomeClasses" classname="TestCorrectness" time="0.0"/>
  <testcase name="testEchoBytes" classname="TestCorrectness" time="0.001"/>
  <testcase name="testFiveSecondsGlobal" classname="TestCorrectness" time="0.0"/>
  <testcase name="testCallTransformer" classname="TestCorrectness" time="0.002">
    <system-err><![CDATA[XFAIL: Go named function type StringTransformer: callback type mismatch - MetaFFIException: Panic in Go function. Panic Data: interface conversion: interface {} is *metaffi.MetaFFICallable, not guest.StringTransformer
Stack Trace:
goroutine 17 [running, locked to thread]:
main.panicHandler(0xf7614fe0c8)
	C:/Users/green/AppData/Local/Temp/metaffi_go_compiler2400241095/metaffi_guest.go:4441 +0x190
panic({0x7fff5a934ec0?, 0x1b369828a090?})
	C:/Program Files/Go/src/runtime/panic.go:860 +0x13a
main.EntryPoint_CallTransformer(0x1b369819e150?, 0x2bc83aba550, 0xf7614fe201?)
	C:/Users/green/AppData/Local/Temp/metaffi_go_compiler2400241095/metaffi_guest.go:666 +0x13f

]]></system-err>
  </testcase>
  <testcase name="testReturnNull" classname="TestCorrectness" time="0.0"/>
  <testcase name="testReturnErrorTupleOk" classname="TestCorrectness" time="0.0"/>
  <testcase name="testTestMapSetGetContains" classname="TestCorrectness" time="0.001"/>
  <testcase name="testWaitABit" classname="TestCorrectness" time="0.0"/>
  <testcase name="testSomeClassGetSetName" classname="TestCorrectness" time="0.001"/>
  <testcase name="testReturnsAnError" classname="TestCorrectness" time="0.001"/>
  <testcase name="testGetSetCounter" classname="TestCorrectness" time="0.0"/>
  <testcase name="testMakeStringList" classname="TestCorrectness" time="0.001"/>
  <testcase name="testGetColorAndColorName" classname="TestCorrectness" time="0.0"/>
  <testcase name="testReturnAnyInt" classname="TestCorrectness" time="0.0"/>
  <testcase name="testReturnAnyNil" classname="TestCorrectness" time="0.0"/>
  <testcase name="testTestMapNameField" classname="TestCorrectness" time="0.0"/>
  <testcase name="testEchoBytesRoundTrip" classname="TestCorrectness" time="0.0"/>
  <testcase name="testReturnAnyFloat" classname="TestCorrectness" time="0.003"/>
  <testcase name="testPanics" classname="TestCorrectness" time="0.0"/>
  <testcase name="testHelloWorld" classname="TestCorrectness" time="0.0"/>
</testsuite>