<?xml version="1.0" encoding="UTF-8"?>
<testsuite xmlns:xsi="http://www.w3.org/2001/XMLSchema-instance" xsi:noNamespaceSchemaLocation="https://maven.apache.org/surefire/maven-surefire-plugin/xsd/surefire-test-report-3.0.xsd" version="3.0" name="TestCorrectness" time="0.122" tests="5" errors="0" skipped="0" failures="0">
  <properties>
[...]
</properties>
  <testcase name="testDivIntegers" classname="TestCorrectness" time="0.015"/>
  <testcase name="testNoOp" classname="TestCorrectness" time="0.0"/>
  <testcase name="testCounter" classname="TestCorrectness" time="0.0"/>
  <testcase name="testReturnsAnError" classname="TestCorrectness" time="0.0"/>
  <testcase name="testHelloWorld" classname="TestCorrectness" time="0.0"/>
</testsuite>