<?xml version="1.0" encoding="UTF-8"?>
<testsuite xmlns:xsi="http://www.w3.org/2001/XMLSchema-instance" xsi:noNamespaceSchemaLocation="https://maven.apache.org/surefire/maven-surefire-plugin/xsd/surefire-test-report-3.0.xsd" version="3.0" name="TestCorrectness" time="9.577" tests="1" errors="0" skipped="0" failures="0">
  <properties>
[...]
</properties>
  <testcase name="testHelloWorld" classname="TestCorrectness" time="0.031">
    <system-err><![CDATA[XFAIL: xcall_no_params_ret bug: JVM->Python3 no-param calls return empty CDTS - MetaFFIException: Index 0 out of bounds (CDTS size: 0)
]]></system-err>
  </testcase>
</testsuite>