<?xml version="1.0" encoding="UTF-8"?>
<testsuite xmlns:xsi="http://www.w3.org/2001/XMLSchema-instance" xsi:noNamespaceSchemaLocation="https://maven.apache.org/surefire/maven-surefire-plugin/xsd/surefire-test-report-3.0.xsd" version="3.0" name="TestCorrectness" time="9.829" tests="52" errors="0" skipped="0" failures="0">
  <properties>
[...]
</properties>
  <testcase name="testReturnMultipleReturnValues" classname="TestCorrectness" time="0.016"/>
  <testcase name="testMake2DArray" classname="TestCorrectness" time="0.0"/>
  <testcase name="testAcceptsRaggedArray" classname="TestCorrectness" time="0.0"/>
  <testcase name="testReturnCallbackAdd" classname="TestCorrectness" time="0.0"/>
  <testcase name="testDivIntegers" classname="TestCorrectness" time="0.0"/>
  <testcase name="testModuleStateGlobalValue" classname="TestCorrectness" time="0.016"/>
  <testcase name="testReturnsOptionalFalse" classname="TestCorrectness" time="0.0"/>
  <testcase name="testPackedArraySum1dInt" classname="TestCorrectness" time="0.0"/>
  <testcase name="testDefaultArgs" classname="TestCorrectness" time="0.0"/>
  <testcase name="testMake3DArray" classname="TestCorrectness" time="0.0"/>
  <testcase name="testMakeRaggedArray" classname="TestCorrectness" time="0.0"/>
  <testcase name="testPackedArrayEcho1dFloat" classname="TestCorrectness" time="0.0"/>
  <testcase name="testReturnErrorTupleFail" classname="TestCorrectness" time="0.0"/>
  <testcase name="testReturnAnyString" classname="TestCorrectness" time="0.0"/>
  <testcase name="testJoinStrings" classname="TestCorrectness" time="0.0"/>
  <testcase name="testBaseClassCreateAndMethod" classname="TestCorrectness" time="0.016"/>
  <testcase name="testOverloadInt" classname="TestCorrectness" time="0.0"/>
  <testcase name="testDivIntegersFractional" classname="TestCorrectness" time="0.0"/>
  <testcase name="testAcceptsAnyString" classname="TestCorrectness" time="0.0"/>
  <testcase name="testSingleFileTestMap" classname="TestCorrectness" time="0.0"/>
  <testcase name="testOverloadString" classname="TestCorrectness" time="0.0"/>
  <testcase name="testAcceptsAnyInt" classname="TestCorrectness" time="0.0"/>
  <testcase name="testSingleFileReturnNull" classname="TestCorrectness" time="0.0"/>
  <testcase name="testSomeClassStr" classname="TestCorrectness" time="0.0"/>
  <testcase name="testSingleFileSomeClass" classname="TestCorrectness" time="0.017"/>
  <testcase name="testAccepts3DArray" classname="TestCorrectness" time="0.0"/>
  <testcase name="testCallCallbackAdd" classname="TestCorrectness" time="0.016"/>
  <testcase name="testPackedArrayEcho1dInt" classname="TestCorrectness" time="0.0"/>
  <testcase name="testAcceptsAnyFloat" classname="TestCorrectness" time="0.0"/>
  <testcase name="testReturnsBytesBuffer" classname="TestCorrectness" time="0.0"/>
  <testcase name="testGetThreeBuffers" classname="TestCorrectness" time="0.0"/>
  <testcase name="testRaiseCustomError" classname="TestCorrectness" time="0.013"/>
  <testcase name="testReturnsOptionalTrue" classname="TestCorrectness" time="0.0"/>
  <testcase name="testGetSomeClasses" classname="TestCorrectness" time="0.002"/>
  <testcase name="testBaseClassStaticValue" classname="TestCorrectness" time="0.0"/>
  <testcase name="testDerivedClassOverride" classname="TestCorrectness" time="0.002"/>
  <testcase name="testReturnNull" classname="TestCorrectness" time="0.0"/>
  <testcase name="testReturnErrorTupleOk" classname="TestCorrectness" time="0.0"/>
  <testcase name="testSomeClassCreateAndPrint" classname="TestCorrectness" time="0.0"/>
  <testcase name="testTestMapSetGetContains" classname="TestCorrectness" time="0.0"/>
  <testcase name="testWaitABit" classname="TestCorrectness" time="0.0"/>
  <testcase name="testReturnsAnError" classname="TestCorrectness" time="0.014"/>
  <testcase name="testSingleFileHelloWorld" classname="TestCorrectness" time="0.002"/>
  <testcase name="testGetSetCounter" classname="TestCorrectness" time="0.0"/>
  <testcase name="testReturnAnyInt" classname="TestCorrectness" time="0.0"/>
  <testcase name="testReturnAnyNil" classname="TestCorrectness" time="0.0"/>
  <testcase name="testModuleStateConstant" classname="TestCorrectness" time="0.0"/>
  <testcase name="testReturnAnyFloat" classname="TestCorrectness" time="0.0"/>
  <testcase name="testMake1DArray" classname="TestCorrectness" time="0.0"/>
  <testcase name="testSomeClassEq" classname="TestCorrectness" time="0.01"/>
  <testcase name="testPackedArrayMake1dInt" classname="TestCorrectness" time="0.0"/>
  <testcase name="testHelloWorld" classname="TestCorrectness" time="0.0"/>
</testsuite>